{"C:\\Users\\Gareth\\OneDrive\\programming_code\\program\\djangoApp\\application\\src\\pages\\Board.jsx": {"path":"C:\\Users\\Gareth\\OneDrive\\programming_code\\program\\djangoApp\\application\\src\\pages\\Board.jsx","statementMap":{"0":{"start":{"line":25,"column":30},"end":{"line":25,"column":41}},"1":{"start":{"line":27,"column":24},"end":{"line":31,"column":5}},"2":{"start":{"line":28,"column":8},"end":{"line":30,"column":55}},"3":{"start":{"line":29,"column":21},"end":{"line":29,"column":49}},"4":{"start":{"line":30,"column":24},"end":{"line":30,"column":40}},"5":{"start":{"line":30,"column":41},"end":{"line":30,"column":53}},"6":{"start":{"line":33,"column":24},"end":{"line":39,"column":5}},"7":{"start":{"line":34,"column":8},"end":{"line":38,"column":10}},"8":{"start":{"line":41,"column":30},"end":{"line":43,"column":5}},"9":{"start":{"line":42,"column":8},"end":{"line":42,"column":117}},"10":{"start":{"line":42,"column":44},"end":{"line":42,"column":81}},"11":{"start":{"line":42,"column":82},"end":{"line":42,"column":115}},"12":{"start":{"line":45,"column":4},"end":{"line":47,"column":10}},"13":{"start":{"line":46,"column":8},"end":{"line":46,"column":21}},"14":{"start":{"line":49,"column":34},"end":{"line":49,"column":48}},"15":{"start":{"line":51,"column":23},"end":{"line":51,"column":35}},"16":{"start":{"line":53,"column":32},"end":{"line":53,"column":46}},"17":{"start":{"line":55,"column":54},"end":{"line":55,"column":65}},"18":{"start":{"line":56,"column":38},"end":{"line":56,"column":52}},"19":{"start":{"line":58,"column":26},"end":{"line":58,"column":28}},"20":{"start":{"line":59,"column":24},"end":{"line":59,"column":43}},"21":{"start":{"line":60,"column":26},"end":{"line":60,"column":28}},"22":{"start":{"line":61,"column":24},"end":{"line":61,"column":60}},"23":{"start":{"line":62,"column":22},"end":{"line":79,"column":5}},"24":{"start":{"line":81,"column":18},"end":{"line":98,"column":5}},"25":{"start":{"line":99,"column":23},"end":{"line":99,"column":33}},"26":{"start":{"line":100,"column":22},"end":{"line":100,"column":34}},"27":{"start":{"line":101,"column":38},"end":{"line":101,"column":54}},"28":{"start":{"line":102,"column":44},"end":{"line":102,"column":55}},"29":{"start":{"line":103,"column":44},"end":{"line":103,"column":58}},"30":{"start":{"line":104,"column":44},"end":{"line":104,"column":58}},"31":{"start":{"line":105,"column":23},"end":{"line":105,"column":106}},"32":{"start":{"line":105,"column":38},"end":{"line":105,"column":105}},"33":{"start":{"line":109,"column":40},"end":{"line":109,"column":54}},"34":{"start":{"line":114,"column":4},"end":{"line":148,"column":11}},"35":{"start":{"line":116,"column":8},"end":{"line":116,"column":25}},"36":{"start":{"line":117,"column":8},"end":{"line":117,"column":24}},"37":{"start":{"line":118,"column":27},"end":{"line":131,"column":9}},"38":{"start":{"line":119,"column":12},"end":{"line":130,"column":13}},"39":{"start":{"line":120,"column":16},"end":{"line":129,"column":18}},"40":{"start":{"line":122,"column":56},"end":{"line":122,"column":71}},"41":{"start":{"line":123,"column":24},"end":{"line":123,"column":81}},"42":{"start":{"line":124,"column":24},"end":{"line":124,"column":65}},"43":{"start":{"line":126,"column":31},"end":{"line":126,"column":75}},"44":{"start":{"line":133,"column":8},"end":{"line":133,"column":21}},"45":{"start":{"line":136,"column":32},"end":{"line":140,"column":17}},"46":{"start":{"line":137,"column":12},"end":{"line":137,"column":63}},"47":{"start":{"line":138,"column":12},"end":{"line":138,"column":54}},"48":{"start":{"line":139,"column":12},"end":{"line":139,"column":25}},"49":{"start":{"line":143,"column":8},"end":{"line":147,"column":10}},"50":{"start":{"line":144,"column":12},"end":{"line":146,"column":13}},"51":{"start":{"line":145,"column":16},"end":{"line":145,"column":58}},"52":{"start":{"line":150,"column":4},"end":{"line":154,"column":37}},"53":{"start":{"line":151,"column":8},"end":{"line":153,"column":9}},"54":{"start":{"line":152,"column":12},"end":{"line":152,"column":73}},"55":{"start":{"line":156,"column":26},"end":{"line":185,"column":5}},"56":{"start":{"line":157,"column":8},"end":{"line":160,"column":9}},"57":{"start":{"line":158,"column":12},"end":{"line":158,"column":74}},"58":{"start":{"line":159,"column":12},"end":{"line":159,"column":19}},"59":{"start":{"line":161,"column":8},"end":{"line":161,"column":44}},"60":{"start":{"line":162,"column":8},"end":{"line":162,"column":59}},"61":{"start":{"line":163,"column":8},"end":{"line":163,"column":96}},"62":{"start":{"line":164,"column":8},"end":{"line":164,"column":52}},"63":{"start":{"line":166,"column":32},"end":{"line":166,"column":58}},"64":{"start":{"line":167,"column":33},"end":{"line":167,"column":59}},"65":{"start":{"line":169,"column":24},"end":{"line":169,"column":60}},"66":{"start":{"line":170,"column":24},"end":{"line":170,"column":62}},"67":{"start":{"line":172,"column":8},"end":{"line":172,"column":53}},"68":{"start":{"line":173,"column":8},"end":{"line":173,"column":54}},"69":{"start":{"line":175,"column":26},"end":{"line":175,"column":29}},"70":{"start":{"line":177,"column":8},"end":{"line":184,"column":9}},"71":{"start":{"line":178,"column":12},"end":{"line":178,"column":58}},"72":{"start":{"line":179,"column":12},"end":{"line":179,"column":34}},"73":{"start":{"line":181,"column":12},"end":{"line":181,"column":34}},"74":{"start":{"line":182,"column":12},"end":{"line":182,"column":29}},"75":{"start":{"line":183,"column":12},"end":{"line":183,"column":63}},"76":{"start":{"line":188,"column":27},"end":{"line":200,"column":5}},"77":{"start":{"line":189,"column":8},"end":{"line":189,"column":49}},"78":{"start":{"line":190,"column":8},"end":{"line":193,"column":9}},"79":{"start":{"line":191,"column":12},"end":{"line":191,"column":72}},"80":{"start":{"line":192,"column":12},"end":{"line":192,"column":19}},"81":{"start":{"line":194,"column":20},"end":{"line":194,"column":72}},"82":{"start":{"line":195,"column":26},"end":{"line":195,"column":80}},"83":{"start":{"line":196,"column":8},"end":{"line":196,"column":108}},"84":{"start":{"line":197,"column":8},"end":{"line":197,"column":25}},"85":{"start":{"line":198,"column":8},"end":{"line":198,"column":33}},"86":{"start":{"line":202,"column":27},"end":{"line":253,"column":5}},"87":{"start":{"line":203,"column":8},"end":{"line":205,"column":9}},"88":{"start":{"line":204,"column":12},"end":{"line":204,"column":31}},"89":{"start":{"line":207,"column":40},"end":{"line":207,"column":66}},"90":{"start":{"line":208,"column":29},"end":{"line":208,"column":72}},"91":{"start":{"line":211,"column":29},"end":{"line":221,"column":9}},"92":{"start":{"line":223,"column":8},"end":{"line":249,"column":10}},"93":{"start":{"line":225,"column":29},"end":{"line":225,"column":47}},"94":{"start":{"line":228,"column":30},"end":{"line":228,"column":108}},"95":{"start":{"line":231,"column":31},"end":{"line":231,"column":55}},"96":{"start":{"line":233,"column":12},"end":{"line":233,"column":36}},"97":{"start":{"line":235,"column":12},"end":{"line":241,"column":13}},"98":{"start":{"line":236,"column":16},"end":{"line":236,"column":35}},"99":{"start":{"line":237,"column":16},"end":{"line":237,"column":36}},"100":{"start":{"line":239,"column":16},"end":{"line":239,"column":36}},"101":{"start":{"line":240,"column":16},"end":{"line":240,"column":37}},"102":{"start":{"line":243,"column":12},"end":{"line":243,"column":74}},"103":{"start":{"line":244,"column":12},"end":{"line":246,"column":13}},"104":{"start":{"line":247,"column":12},"end":{"line":247,"column":34}},"105":{"start":{"line":248,"column":12},"end":{"line":248,"column":72}},"106":{"start":{"line":251,"column":8},"end":{"line":251,"column":34}},"107":{"start":{"line":252,"column":8},"end":{"line":252,"column":48}},"108":{"start":{"line":254,"column":25},"end":{"line":260,"column":5}},"109":{"start":{"line":255,"column":8},"end":{"line":256,"column":73}},"110":{"start":{"line":256,"column":12},"end":{"line":256,"column":72}},"111":{"start":{"line":257,"column":8},"end":{"line":257,"column":23}},"112":{"start":{"line":261,"column":24},"end":{"line":267,"column":5}},"113":{"start":{"line":262,"column":8},"end":{"line":262,"column":23}},"114":{"start":{"line":263,"column":8},"end":{"line":263,"column":29}},"115":{"start":{"line":264,"column":8},"end":{"line":264,"column":24}},"116":{"start":{"line":265,"column":8},"end":{"line":265,"column":27}},"117":{"start":{"line":266,"column":8},"end":{"line":266,"column":29}},"118":{"start":{"line":268,"column":22},"end":{"line":272,"column":5}},"119":{"start":{"line":269,"column":8},"end":{"line":270,"column":73}},"120":{"start":{"line":270,"column":12},"end":{"line":270,"column":72}},"121":{"start":{"line":271,"column":8},"end":{"line":271,"column":25}},"122":{"start":{"line":273,"column":24},"end":{"line":281,"column":5}},"123":{"start":{"line":274,"column":8},"end":{"line":280,"column":9}},"124":{"start":{"line":275,"column":61},"end":{"line":275,"column":87}},"125":{"start":{"line":283,"column":20},"end":{"line":300,"column":5}},"126":{"start":{"line":302,"column":40},"end":{"line":302,"column":55}},"127":{"start":{"line":303,"column":38},"end":{"line":303,"column":53}},"128":{"start":{"line":304,"column":36},"end":{"line":304,"column":51}},"129":{"start":{"line":308,"column":4},"end":{"line":471,"column":5}},"130":{"start":{"line":364,"column":47},"end":{"line":364,"column":59}},"131":{"start":{"line":376,"column":71},"end":{"line":376,"column":85}},"132":{"start":{"line":385,"column":47},"end":{"line":385,"column":62}},"133":{"start":{"line":393,"column":43},"end":{"line":393,"column":58}},"134":{"start":{"line":409,"column":71},"end":{"line":409,"column":90}},"135":{"start":{"line":420,"column":51},"end":{"line":420,"column":71}},"136":{"start":{"line":438,"column":101},"end":{"line":438,"column":126}},"137":{"start":{"line":449,"column":47},"end":{"line":449,"column":62}},"138":{"start":{"line":457,"column":43},"end":{"line":457,"column":57}}},"fnMap":{"0":{"name":"Board","decl":{"start":{"line":24,"column":9},"end":{"line":24,"column":14}},"loc":{"start":{"line":24,"column":17},"end":{"line":472,"column":1}},"line":24},"1":{"name":"(anonymous_1)","decl":{"start":{"line":27,"column":24},"end":{"line":27,"column":25}},"loc":{"start":{"line":27,"column":30},"end":{"line":31,"column":5}},"line":27},"2":{"name":"(anonymous_2)","decl":{"start":{"line":29,"column":14},"end":{"line":29,"column":15}},"loc":{"start":{"line":29,"column":21},"end":{"line":29,"column":49}},"line":29},"3":{"name":"(anonymous_3)","decl":{"start":{"line":30,"column":14},"end":{"line":30,"column":15}},"loc":{"start":{"line":30,"column":23},"end":{"line":30,"column":54}},"line":30},"4":{"name":"(anonymous_4)","decl":{"start":{"line":33,"column":24},"end":{"line":33,"column":25}},"loc":{"start":{"line":33,"column":35},"end":{"line":39,"column":5}},"line":33},"5":{"name":"(anonymous_5)","decl":{"start":{"line":41,"column":30},"end":{"line":41,"column":31}},"loc":{"start":{"line":41,"column":51},"end":{"line":43,"column":5}},"line":41},"6":{"name":"(anonymous_6)","decl":{"start":{"line":42,"column":34},"end":{"line":42,"column":35}},"loc":{"start":{"line":42,"column":43},"end":{"line":42,"column":116}},"line":42},"7":{"name":"(anonymous_7)","decl":{"start":{"line":45,"column":14},"end":{"line":45,"column":15}},"loc":{"start":{"line":45,"column":20},"end":{"line":47,"column":5}},"line":45},"8":{"name":"(anonymous_8)","decl":{"start":{"line":105,"column":32},"end":{"line":105,"column":33}},"loc":{"start":{"line":105,"column":38},"end":{"line":105,"column":105}},"line":105},"9":{"name":"(anonymous_9)","decl":{"start":{"line":114,"column":14},"end":{"line":114,"column":15}},"loc":{"start":{"line":114,"column":20},"end":{"line":148,"column":5}},"line":114},"10":{"name":"(anonymous_10)","decl":{"start":{"line":118,"column":27},"end":{"line":118,"column":28}},"loc":{"start":{"line":118,"column":33},"end":{"line":131,"column":9}},"line":118},"11":{"name":"(anonymous_11)","decl":{"start":{"line":121,"column":20},"end":{"line":121,"column":21}},"loc":{"start":{"line":121,"column":34},"end":{"line":125,"column":21}},"line":121},"12":{"name":"(anonymous_12)","decl":{"start":{"line":126,"column":20},"end":{"line":126,"column":21}},"loc":{"start":{"line":126,"column":31},"end":{"line":126,"column":75}},"line":126},"13":{"name":"(anonymous_13)","decl":{"start":{"line":136,"column":44},"end":{"line":136,"column":45}},"loc":{"start":{"line":136,"column":50},"end":{"line":140,"column":9}},"line":136},"14":{"name":"(anonymous_14)","decl":{"start":{"line":143,"column":15},"end":{"line":143,"column":16}},"loc":{"start":{"line":143,"column":21},"end":{"line":147,"column":9}},"line":143},"15":{"name":"(anonymous_15)","decl":{"start":{"line":150,"column":14},"end":{"line":150,"column":15}},"loc":{"start":{"line":150,"column":20},"end":{"line":154,"column":5}},"line":150},"16":{"name":"(anonymous_16)","decl":{"start":{"line":156,"column":26},"end":{"line":156,"column":27}},"loc":{"start":{"line":156,"column":51},"end":{"line":185,"column":5}},"line":156},"17":{"name":"(anonymous_17)","decl":{"start":{"line":188,"column":27},"end":{"line":188,"column":28}},"loc":{"start":{"line":188,"column":41},"end":{"line":200,"column":5}},"line":188},"18":{"name":"(anonymous_18)","decl":{"start":{"line":202,"column":27},"end":{"line":202,"column":28}},"loc":{"start":{"line":202,"column":33},"end":{"line":253,"column":5}},"line":202},"19":{"name":"(anonymous_19)","decl":{"start":{"line":223,"column":32},"end":{"line":223,"column":33}},"loc":{"start":{"line":223,"column":38},"end":{"line":249,"column":9}},"line":223},"20":{"name":"(anonymous_20)","decl":{"start":{"line":254,"column":25},"end":{"line":254,"column":26}},"loc":{"start":{"line":254,"column":31},"end":{"line":260,"column":5}},"line":254},"21":{"name":"(anonymous_21)","decl":{"start":{"line":261,"column":24},"end":{"line":261,"column":25}},"loc":{"start":{"line":261,"column":30},"end":{"line":267,"column":5}},"line":261},"22":{"name":"(anonymous_22)","decl":{"start":{"line":268,"column":22},"end":{"line":268,"column":23}},"loc":{"start":{"line":268,"column":28},"end":{"line":272,"column":5}},"line":268},"23":{"name":"(anonymous_23)","decl":{"start":{"line":273,"column":24},"end":{"line":273,"column":25}},"loc":{"start":{"line":273,"column":55},"end":{"line":281,"column":5}},"line":273},"24":{"name":"(anonymous_24)","decl":{"start":{"line":275,"column":55},"end":{"line":275,"column":56}},"loc":{"start":{"line":275,"column":60},"end":{"line":275,"column":88}},"line":275},"25":{"name":"(anonymous_25)","decl":{"start":{"line":364,"column":41},"end":{"line":364,"column":42}},"loc":{"start":{"line":364,"column":47},"end":{"line":364,"column":59}},"line":364},"26":{"name":"(anonymous_26)","decl":{"start":{"line":376,"column":65},"end":{"line":376,"column":66}},"loc":{"start":{"line":376,"column":71},"end":{"line":376,"column":85}},"line":376},"27":{"name":"(anonymous_27)","decl":{"start":{"line":385,"column":41},"end":{"line":385,"column":42}},"loc":{"start":{"line":385,"column":47},"end":{"line":385,"column":62}},"line":385},"28":{"name":"(anonymous_28)","decl":{"start":{"line":393,"column":37},"end":{"line":393,"column":38}},"loc":{"start":{"line":393,"column":43},"end":{"line":393,"column":58}},"line":393},"29":{"name":"(anonymous_29)","decl":{"start":{"line":409,"column":65},"end":{"line":409,"column":66}},"loc":{"start":{"line":409,"column":71},"end":{"line":409,"column":90}},"line":409},"30":{"name":"(anonymous_30)","decl":{"start":{"line":420,"column":45},"end":{"line":420,"column":46}},"loc":{"start":{"line":420,"column":51},"end":{"line":420,"column":71}},"line":420},"31":{"name":"(anonymous_31)","decl":{"start":{"line":438,"column":95},"end":{"line":438,"column":96}},"loc":{"start":{"line":438,"column":100},"end":{"line":438,"column":127}},"line":438},"32":{"name":"(anonymous_32)","decl":{"start":{"line":449,"column":41},"end":{"line":449,"column":42}},"loc":{"start":{"line":449,"column":47},"end":{"line":449,"column":62}},"line":449},"33":{"name":"(anonymous_33)","decl":{"start":{"line":457,"column":37},"end":{"line":457,"column":38}},"loc":{"start":{"line":457,"column":43},"end":{"line":457,"column":57}},"line":457}},"branchMap":{"0":{"loc":{"start":{"line":119,"column":12},"end":{"line":130,"column":13}},"type":"if","locations":[{"start":{"line":119,"column":12},"end":{"line":130,"column":13}},{"start":{},"end":{}}],"line":119},"1":{"loc":{"start":{"line":144,"column":12},"end":{"line":146,"column":13}},"type":"if","locations":[{"start":{"line":144,"column":12},"end":{"line":146,"column":13}},{"start":{},"end":{}}],"line":144},"2":{"loc":{"start":{"line":151,"column":8},"end":{"line":153,"column":9}},"type":"if","locations":[{"start":{"line":151,"column":8},"end":{"line":153,"column":9}},{"start":{},"end":{}}],"line":151},"3":{"loc":{"start":{"line":151,"column":12},"end":{"line":151,"column":49}},"type":"binary-expr","locations":[{"start":{"line":151,"column":12},"end":{"line":151,"column":24}},{"start":{"line":151,"column":28},"end":{"line":151,"column":49}}],"line":151},"4":{"loc":{"start":{"line":157,"column":8},"end":{"line":160,"column":9}},"type":"if","locations":[{"start":{"line":157,"column":8},"end":{"line":160,"column":9}},{"start":{},"end":{}}],"line":157},"5":{"loc":{"start":{"line":157,"column":12},"end":{"line":157,"column":35}},"type":"binary-expr","locations":[{"start":{"line":157,"column":12},"end":{"line":157,"column":21}},{"start":{"line":157,"column":25},"end":{"line":157,"column":35}}],"line":157},"6":{"loc":{"start":{"line":177,"column":8},"end":{"line":184,"column":9}},"type":"if","locations":[{"start":{"line":177,"column":8},"end":{"line":184,"column":9}},{"start":{"line":180,"column":15},"end":{"line":184,"column":9}}],"line":177},"7":{"loc":{"start":{"line":177,"column":12},"end":{"line":177,"column":78}},"type":"binary-expr","locations":[{"start":{"line":177,"column":13},"end":{"line":177,"column":32}},{"start":{"line":177,"column":36},"end":{"line":177,"column":55}},{"start":{"line":177,"column":60},"end":{"line":177,"column":78}}],"line":177},"8":{"loc":{"start":{"line":190,"column":8},"end":{"line":193,"column":9}},"type":"if","locations":[{"start":{"line":190,"column":8},"end":{"line":193,"column":9}},{"start":{},"end":{}}],"line":190},"9":{"loc":{"start":{"line":190,"column":12},"end":{"line":190,"column":63}},"type":"binary-expr","locations":[{"start":{"line":190,"column":12},"end":{"line":190,"column":41}},{"start":{"line":190,"column":45},"end":{"line":190,"column":63}}],"line":190},"10":{"loc":{"start":{"line":203,"column":8},"end":{"line":205,"column":9}},"type":"if","locations":[{"start":{"line":203,"column":8},"end":{"line":205,"column":9}},{"start":{},"end":{}}],"line":203},"11":{"loc":{"start":{"line":235,"column":12},"end":{"line":241,"column":13}},"type":"if","locations":[{"start":{"line":235,"column":12},"end":{"line":241,"column":13}},{"start":{"line":238,"column":18},"end":{"line":241,"column":13}}],"line":235},"12":{"loc":{"start":{"line":244,"column":12},"end":{"line":246,"column":13}},"type":"if","locations":[{"start":{"line":244,"column":12},"end":{"line":246,"column":13}},{"start":{},"end":{}}],"line":244},"13":{"loc":{"start":{"line":255,"column":8},"end":{"line":256,"column":73}},"type":"if","locations":[{"start":{"line":255,"column":8},"end":{"line":256,"column":73}},{"start":{},"end":{}}],"line":255},"14":{"loc":{"start":{"line":269,"column":8},"end":{"line":270,"column":73}},"type":"if","locations":[{"start":{"line":269,"column":8},"end":{"line":270,"column":73}},{"start":{},"end":{}}],"line":269},"15":{"loc":{"start":{"line":367,"column":37},"end":{"line":367,"column":54}},"type":"cond-expr","locations":[{"start":{"line":367,"column":47},"end":{"line":367,"column":48}},{"start":{"line":367,"column":51},"end":{"line":367,"column":54}}],"line":367},"16":{"loc":{"start":{"line":368,"column":36},"end":{"line":368,"column":71}},"type":"cond-expr","locations":[{"start":{"line":368,"column":46},"end":{"line":368,"column":55}},{"start":{"line":368,"column":58},"end":{"line":368,"column":71}}],"line":368},"17":{"loc":{"start":{"line":379,"column":17},"end":{"line":403,"column":17}},"type":"binary-expr","locations":[{"start":{"line":379,"column":17},"end":{"line":379,"column":31}},{"start":{"line":380,"column":20},"end":{"line":402,"column":26}}],"line":379},"18":{"loc":{"start":{"line":396,"column":41},"end":{"line":396,"column":63}},"type":"cond-expr","locations":[{"start":{"line":396,"column":56},"end":{"line":396,"column":57}},{"start":{"line":396,"column":60},"end":{"line":396,"column":63}}],"line":396},"19":{"loc":{"start":{"line":397,"column":40},"end":{"line":397,"column":80}},"type":"cond-expr","locations":[{"start":{"line":397,"column":55},"end":{"line":397,"column":64}},{"start":{"line":397,"column":67},"end":{"line":397,"column":80}}],"line":397},"20":{"loc":{"start":{"line":414,"column":21},"end":{"line":429,"column":21}},"type":"binary-expr","locations":[{"start":{"line":414,"column":21},"end":{"line":414,"column":30}},{"start":{"line":414,"column":34},"end":{"line":414,"column":44}},{"start":{"line":415,"column":24},"end":{"line":427,"column":30}}],"line":414},"21":{"loc":{"start":{"line":443,"column":17},"end":{"line":467,"column":17}},"type":"binary-expr","locations":[{"start":{"line":443,"column":17},"end":{"line":443,"column":31}},{"start":{"line":444,"column":20},"end":{"line":466,"column":26}}],"line":443},"22":{"loc":{"start":{"line":460,"column":41},"end":{"line":460,"column":63}},"type":"cond-expr","locations":[{"start":{"line":460,"column":56},"end":{"line":460,"column":57}},{"start":{"line":460,"column":60},"end":{"line":460,"column":63}}],"line":460},"23":{"loc":{"start":{"line":461,"column":40},"end":{"line":461,"column":80}},"type":"cond-expr","locations":[{"start":{"line":461,"column":55},"end":{"line":461,"column":64}},{"start":{"line":461,"column":67},"end":{"line":461,"column":80}}],"line":461}},"s":{"0":41,"1":41,"2":9,"3":9,"4":9,"5":9,"6":41,"7":0,"8":41,"9":0,"10":0,"11":0,"12":41,"13":9,"14":41,"15":41,"16":41,"17":41,"18":41,"19":41,"20":41,"21":41,"22":41,"23":41,"24":41,"25":41,"26":41,"27":41,"28":41,"29":41,"30":41,"31":41,"32":9,"33":41,"34":41,"35":9,"36":9,"37":9,"38":9,"39":9,"40":9,"41":9,"42":9,"43":0,"44":9,"45":9,"46":0,"47":0,"48":0,"49":9,"50":9,"51":9,"52":41,"53":18,"54":9,"55":41,"56":13,"57":0,"58":0,"59":13,"60":13,"61":13,"62":13,"63":13,"64":13,"65":13,"66":13,"67":13,"68":13,"69":13,"70":13,"71":13,"72":13,"73":0,"74":0,"75":0,"76":41,"77":9,"78":9,"79":0,"80":0,"81":9,"82":9,"83":9,"84":9,"85":9,"86":41,"87":0,"88":0,"89":0,"90":0,"91":0,"92":0,"93":0,"94":0,"95":0,"96":0,"97":0,"98":0,"99":0,"100":0,"101":0,"102":0,"103":0,"104":0,"105":0,"106":0,"107":0,"108":41,"109":4,"110":4,"111":4,"112":41,"113":0,"114":0,"115":0,"116":0,"117":0,"118":41,"119":0,"120":0,"121":0,"122":41,"123":656,"124":960,"125":41,"126":41,"127":41,"128":41,"129":41,"130":0,"131":4,"132":1,"133":1,"134":0,"135":0,"136":64,"137":0,"138":0},"f":{"0":41,"1":9,"2":9,"3":9,"4":0,"5":0,"6":0,"7":9,"8":9,"9":9,"10":9,"11":9,"12":0,"13":0,"14":9,"15":18,"16":13,"17":9,"18":0,"19":0,"20":4,"21":0,"22":0,"23":656,"24":960,"25":0,"26":4,"27":1,"28":1,"29":0,"30":0,"31":64,"32":0,"33":0},"b":{"0":[9,0],"1":[9,0],"2":[9,9],"3":[18,9],"4":[0,13],"5":[13,13],"6":[13,0],"7":[13,0,13],"8":[0,9],"9":[9,9],"10":[0,0],"11":[0,0],"12":[0,0],"13":[4,0],"14":[0,0],"15":[9,32],"16":[9,32],"17":[41,4],"18":[4,0],"19":[4,0],"20":[41,0,0],"21":[41,4],"22":[4,0],"23":[4,0]},"_coverageSchema":"1a1c01bbd47fc00a2c39e90264f33305004495a9","hash":"42e32cb80d34913474824832091eff9c3cc379d3"}
}
