TN:
SF:src\pages\Board.jsx
FN:24,Board
FN:27,(anonymous_1)
FN:29,(anonymous_2)
FN:30,(anonymous_3)
FN:33,(anonymous_4)
FN:41,(anonymous_5)
FN:42,(anonymous_6)
FN:45,(anonymous_7)
FN:105,(anonymous_8)
FN:114,(anonymous_9)
FN:118,(anonymous_10)
FN:121,(anonymous_11)
FN:126,(anonymous_12)
FN:136,(anonymous_13)
FN:143,(anonymous_14)
FN:150,(anonymous_15)
FN:156,(anonymous_16)
FN:188,(anonymous_17)
FN:202,(anonymous_18)
FN:223,(anonymous_19)
FN:254,(anonymous_20)
FN:261,(anonymous_21)
FN:268,(anonymous_22)
FN:273,(anonymous_23)
FN:275,(anonymous_24)
FN:364,(anonymous_25)
FN:376,(anonymous_26)
FN:385,(anonymous_27)
FN:393,(anonymous_28)
FN:409,(anonymous_29)
FN:420,(anonymous_30)
FN:438,(anonymous_31)
FN:449,(anonymous_32)
FN:457,(anonymous_33)
FNF:34
FNH:20
FNDA:41,Board
FNDA:9,(anonymous_1)
FNDA:9,(anonymous_2)
FNDA:9,(anonymous_3)
FNDA:0,(anonymous_4)
FNDA:0,(anonymous_5)
FNDA:0,(anonymous_6)
FNDA:9,(anonymous_7)
FNDA:9,(anonymous_8)
FNDA:9,(anonymous_9)
FNDA:9,(anonymous_10)
FNDA:9,(anonymous_11)
FNDA:0,(anonymous_12)
FNDA:0,(anonymous_13)
FNDA:9,(anonymous_14)
FNDA:18,(anonymous_15)
FNDA:13,(anonymous_16)
FNDA:9,(anonymous_17)
FNDA:0,(anonymous_18)
FNDA:0,(anonymous_19)
FNDA:4,(anonymous_20)
FNDA:0,(anonymous_21)
FNDA:0,(anonymous_22)
FNDA:656,(anonymous_23)
FNDA:960,(anonymous_24)
FNDA:0,(anonymous_25)
FNDA:4,(anonymous_26)
FNDA:1,(anonymous_27)
FNDA:1,(anonymous_28)
FNDA:0,(anonymous_29)
FNDA:0,(anonymous_30)
FNDA:64,(anonymous_31)
FNDA:0,(anonymous_32)
FNDA:0,(anonymous_33)
DA:25,41
DA:27,41
DA:28,9
DA:29,9
DA:30,9
DA:33,41
DA:34,0
DA:41,41
DA:42,0
DA:45,41
DA:46,9
DA:49,41
DA:51,41
DA:53,41
DA:55,41
DA:56,41
DA:58,41
DA:59,41
DA:60,41
DA:61,41
DA:62,41
DA:81,41
DA:99,41
DA:100,41
DA:101,41
DA:102,41
DA:103,41
DA:104,41
DA:105,41
DA:109,41
DA:114,41
DA:116,9
DA:117,9
DA:118,9
DA:119,9
DA:120,9
DA:122,9
DA:123,9
DA:124,9
DA:126,0
DA:133,9
DA:136,9
DA:137,0
DA:138,0
DA:139,0
DA:143,9
DA:144,9
DA:145,9
DA:150,41
DA:151,18
DA:152,9
DA:156,41
DA:157,13
DA:158,0
DA:159,0
DA:161,13
DA:162,13
DA:163,13
DA:164,13
DA:166,13
DA:167,13
DA:169,13
DA:170,13
DA:172,13
DA:173,13
DA:175,13
DA:177,13
DA:178,13
DA:179,13
DA:181,0
DA:182,0
DA:183,0
DA:188,41
DA:189,9
DA:190,9
DA:191,0
DA:192,0
DA:194,9
DA:195,9
DA:196,9
DA:197,9
DA:198,9
DA:202,41
DA:203,0
DA:204,0
DA:207,0
DA:208,0
DA:211,0
DA:223,0
DA:225,0
DA:228,0
DA:231,0
DA:233,0
DA:235,0
DA:236,0
DA:237,0
DA:239,0
DA:240,0
DA:243,0
DA:244,0
DA:247,0
DA:248,0
DA:251,0
DA:252,0
DA:254,41
DA:255,4
DA:256,4
DA:257,4
DA:261,41
DA:262,0
DA:263,0
DA:264,0
DA:265,0
DA:266,0
DA:268,41
DA:269,0
DA:270,0
DA:271,0
DA:273,41
DA:274,656
DA:275,960
DA:283,41
DA:302,41
DA:303,41
DA:304,41
DA:308,41
DA:364,0
DA:376,4
DA:385,1
DA:393,1
DA:409,0
DA:420,0
DA:438,64
DA:449,0
DA:457,0
LF:135
LH:88
BRDA:119,0,0,9
BRDA:119,0,1,0
BRDA:144,1,0,9
BRDA:144,1,1,0
BRDA:151,2,0,9
BRDA:151,2,1,9
BRDA:151,3,0,18
BRDA:151,3,1,9
BRDA:157,4,0,0
BRDA:157,4,1,13
BRDA:157,5,0,13
BRDA:157,5,1,13
BRDA:177,6,0,13
BRDA:177,6,1,0
BRDA:177,7,0,13
BRDA:177,7,1,0
BRDA:177,7,2,13
BRDA:190,8,0,0
BRDA:190,8,1,9
BRDA:190,9,0,9
BRDA:190,9,1,9
BRDA:203,10,0,0
BRDA:203,10,1,0
BRDA:235,11,0,0
BRDA:235,11,1,0
BRDA:244,12,0,0
BRDA:244,12,1,0
BRDA:255,13,0,4
BRDA:255,13,1,0
BRDA:269,14,0,0
BRDA:269,14,1,0
BRDA:367,15,0,9
BRDA:367,15,1,32
BRDA:368,16,0,9
BRDA:368,16,1,32
BRDA:379,17,0,41
BRDA:379,17,1,4
BRDA:396,18,0,4
BRDA:396,18,1,0
BRDA:397,19,0,4
BRDA:397,19,1,0
BRDA:414,20,0,41
BRDA:414,20,1,0
BRDA:414,20,2,0
BRDA:443,21,0,41
BRDA:443,21,1,4
BRDA:460,22,0,4
BRDA:460,22,1,0
BRDA:461,23,0,4
BRDA:461,23,1,0
BRF:50
BRH:29
end_of_record
